"../../../../../GitHub/HP35/Content/AdvancedLocomotionV3/Blueprints/Enums/WeaponType.uasset" 0
"../../../Engine/Content/EngineMeshes/Humanoid.uasset" 1
"../../../../../GitHub/HP35/Content/AdvancedLocomotionV3/Characters/Mannequin/ALS_Mannequin_Skeleton.uasset" 2
"../../../../../GitHub/HP35/Content/AdvancedLocomotionV3/Characters/Mannequin/Animations/Misc/ALS_Mannequin_RetargetPoses.uasset" 3
"../../../../../GitHub/HP35/Content/AdvancedLocomotionV3/Characters/Mannequin/Animations/Misc/ALS_Mannequin_T_Pose.uasset" 4
"../../../Engine/Content/Functions/Engine_MaterialFunctions02/Utility/BlendAngleCorrectedNormals.uasset" 5
"../../../Engine/Content/Functions/MaterialLayerFunctions/MatLayerBlend_NormalBlend.uasset" 6
"../../../Engine/Content/Functions/MaterialLayerFunctions/MatLayerBlend_Simple.uasset" 7
"../../../../../GitHub/HP35/Content/AdvancedLocomotionV3/Characters/Mannequin/Materials/MaterialLayers/T_ML_Rubber_Blue_01_D.uasset" 8
"../../../../../GitHub/HP35/Content/AdvancedLocomotionV3/Characters/Mannequin/Materials/MaterialLayers/T_ML_Rubber_Blue_01_N.uasset" 9
"../../../../../GitHub/HP35/Content/AdvancedLocomotionV3/Characters/Mannequin/Materials/MaterialLayers/ML_GlossyBlack_Latex_UE4.uasset" 10
"../../../../../GitHub/HP35/Content/AdvancedLocomotionV3/Characters/Mannequin/Materials/MaterialLayers/ML_Plastic_Shiny_Beige.uasset" 11
"../../../../../GitHub/HP35/Content/AdvancedLocomotionV3/Characters/Mannequin/Materials/Textures/UE4_LOGO_CARD.uasset" 12
"../../../../../GitHub/HP35/Content/AdvancedLocomotionV3/Characters/Mannequin/Materials/MaterialLayers/ML_Plastic_Shiny_Beige_LOGO.uasset" 13
"../../../../../GitHub/HP35/Content/AdvancedLocomotionV3/Characters/Mannequin/Materials/MaterialLayers/T_ML_Aluminum01.uasset" 14
"../../../../../GitHub/HP35/Content/AdvancedLocomotionV3/Characters/Mannequin/Materials/MaterialLayers/T_ML_Aluminum01_N.uasset" 15
"../../../../../GitHub/HP35/Content/AdvancedLocomotionV3/Characters/Mannequin/Materials/MaterialLayers/ML_SoftMetal_UE4.uasset" 16
"../../../../../GitHub/HP35/Content/AdvancedLocomotionV3/Characters/Mannequin/Materials/Textures/UE4_Mannequin__normals.uasset" 17
"../../../../../GitHub/HP35/Content/AdvancedLocomotionV3/Characters/Mannequin/Materials/Textures/UE4_Mannequin_MAT_MASKA.uasset" 18
"../../../../../GitHub/HP35/Content/AdvancedLocomotionV3/Characters/Mannequin/Materials/M_UE4Man_Body.uasset" 19
"../../../../../GitHub/HP35/Content/AdvancedLocomotionV3/Characters/Mannequin/Materials/M_UE4Man_Body_Blue.uasset" 20
"../../../../../GitHub/HP35/Content/AdvancedLocomotionV3/Characters/Mannequin/Materials/M_UE4Man_Body_Green.uasset" 21
"../../../../../GitHub/HP35/Content/AdvancedLocomotionV3/Characters/Mannequin/Materials/M_UE4Man_Body_Grey.uasset" 22
"../../../../../GitHub/HP35/Content/AdvancedLocomotionV3/Characters/Mannequin/Materials/M_UE4Man_Body_Orange.uasset" 23
"../../../../../GitHub/HP35/Content/AdvancedLocomotionV3/Characters/Mannequin/Materials/M_UE4Man_Body_Pink.uasset" 24
"../../../../../GitHub/HP35/Content/AdvancedLocomotionV3/Characters/Mannequin/Materials/M_UE4Man_Body_Yellow.uasset" 25
"../../../../../GitHub/HP35/Content/AdvancedLocomotionV3/Characters/Mannequin/Materials/Textures/UE4Man_Logo_N.uasset" 26
"../../../../../GitHub/HP35/Content/AdvancedLocomotionV3/Characters/Mannequin/Materials/M_UE4Man_ChestLogo.uasset" 27
"../../../../../GitHub/HP35/Content/AdvancedLocomotionV3/Characters/Mannequin/Materials/M_UE4Man_ChestLogo_Blue.uasset" 28
"../../../../../GitHub/HP35/Content/AdvancedLocomotionV3/Characters/Mannequin/Materials/M_UE4Man_ChestLogo_Green.uasset" 29
"../../../../../GitHub/HP35/Content/AdvancedLocomotionV3/Characters/Mannequin/Materials/M_UE4Man_ChestLogo_Grey.uasset" 30
"../../../../../GitHub/HP35/Content/AdvancedLocomotionV3/Characters/Mannequin/Materials/M_UE4Man_ChestLogo_Orange.uasset" 31
"../../../../../GitHub/HP35/Content/AdvancedLocomotionV3/Characters/Mannequin/Materials/M_UE4Man_ChestLogo_Pink.uasset" 32
"../../../../../GitHub/HP35/Content/AdvancedLocomotionV3/Characters/Mannequin/Materials/M_UE4Man_ChestLogo_Yellow.uasset" 33
"../../../../../GitHub/HP35/Content/Blueprints/DefaultPlayerController.uasset" 34
"../../../../../GitHub/HP35/Content/Blueprints/DefaultPlayerController_BP.uasset" 35
"../../../Engine/Content/EditorBlueprintResources/StandardMacros.uasset" 36
"../../../../../GitHub/HP35/Content/UI/HostGame.uasset" 37
"../../../../../GitHub/HP35/Content/UI/GameBox.uasset" 38
"../../../../../GitHub/HP35/Content/UI/ServerBrowser.uasset" 39
"../../../../../GitHub/HP35/Content/ThirdPersonCPP/Blueprints/MainGI.uasset" 40
"../../../../../GitHub/HP35/Content/UI/MainMenu.uasset" 41
"../../../../../GitHub/HP35/Content/GameModes/MainMenuGM.uasset" 42
"../../../../../GitHub/HP35/Content/AdvancedLocomotionV3/Blueprints/Enums/ALS_Gait.uasset" 43
"../../../../../GitHub/HP35/Content/AdvancedLocomotionV3/Blueprints/Enums/ALS_MovementMode.uasset" 44
"../../../../../GitHub/HP35/Content/AdvancedLocomotionV3/Blueprints/Enums/ALS_RotationMode.uasset" 45
"../../../../../GitHub/HP35/Content/AdvancedLocomotionV3/Blueprints/Enums/ALS_Stance.uasset" 46
"../../../../../GitHub/HP35/Content/AdvancedLocomotionV3/Blueprints/Enums/ALS_ViewMode.uasset" 47
"../../../../../GitHub/HP35/Content/AdvancedLocomotionV3/Blueprints/Enums/IdleEntryState.uasset" 48
"../../../../../GitHub/HP35/Content/AdvancedLocomotionV3/Blueprints/Enums/MovementDirection.uasset" 49
"../../../../../GitHub/HP35/Content/AdvancedLocomotionV3/Blueprints/Structs/ALS_PivotParams.uasset" 50
"../../../../../GitHub/HP35/Content/AdvancedLocomotionV3/Blueprints/ALS_Interface.uasset" 51
"../../../../../GitHub/HP35/Content/AdvancedLocomotionV3/Blueprints/Curves/CameraLerpCurves/CameraLerp_1.uasset" 52
"../../../../../GitHub/HP35/Content/AdvancedLocomotionV3/Blueprints/Curves/CameraLerpCurves/CameraLerp_2.uasset" 53
"../../../../../GitHub/HP35/Content/AdvancedLocomotionV3/Blueprints/Curves/CameraLerpCurves/CameraLerp_3.uasset" 54
"../../../../../GitHub/HP35/Content/AdvancedLocomotionV3/Blueprints/Structs/ALS_CameraSettings.uasset" 55
"../../../../../GitHub/HP35/Content/AdvancedLocomotionV3/Blueprints/Enums/CardinalDirection.uasset" 56
"../../../../../GitHub/HP35/Content/AdvancedLocomotionV3/Blueprints/Structs/ALS_CameraSettings_Gait.uasset" 57
"../../../../../GitHub/HP35/Content/AdvancedLocomotionV3/Blueprints/Structs/ALS_CameraSettings_Stance.uasset" 58
"../../../../../GitHub/HP35/Content/AdvancedLocomotionV3/Blueprints/Structs/ALS_Camera_Targets.uasset" 59
"../../../../../GitHub/HP35/Content/AdvancedLocomotionV3/Blueprints/ALS_BaseCharacter.uasset" 60
"../../../../../GitHub/HP35/Content/AdvancedLocomotionV3/Characters/Mannequin/Animations/Idles/ALS_N_Idle_Pose.uasset" 61
"../../../../../GitHub/HP35/Content/AdvancedLocomotionV3/Characters/Mannequin/Animations/AimOffsets/ALS_N_AO_F.uasset" 62
"../../../../../GitHub/HP35/Content/AdvancedLocomotionV3/Characters/Mannequin/Animations/AimOffsets/ALS_N_AO_FD.uasset" 63
"../../../../../GitHub/HP35/Content/AdvancedLocomotionV3/Characters/Mannequin/Animations/AimOffsets/ALS_N_AO_FU.uasset" 64
"../../../../../GitHub/HP35/Content/AdvancedLocomotionV3/Characters/Mannequin/Animations/AimOffsets/ALS_N_AO_L180.uasset" 65
"../../../../../GitHub/HP35/Content/AdvancedLocomotionV3/Characters/Mannequin/Animations/AimOffsets/ALS_N_AO_L90.uasset" 66
"../../../../../GitHub/HP35/Content/AdvancedLocomotionV3/Characters/Mannequin/Animations/AimOffsets/ALS_N_AO_LD180.uasset" 67
"../../../../../GitHub/HP35/Content/AdvancedLocomotionV3/Characters/Mannequin/Animations/AimOffsets/ALS_N_AO_LD90.uasset" 68
"../../../../../GitHub/HP35/Content/AdvancedLocomotionV3/Characters/Mannequin/Animations/AimOffsets/ALS_N_AO_LU180.uasset" 69
"../../../../../GitHub/HP35/Content/AdvancedLocomotionV3/Characters/Mannequin/Animations/AimOffsets/ALS_N_AO_LU90.uasset" 70
"../../../../../GitHub/HP35/Content/AdvancedLocomotionV3/Characters/Mannequin/Animations/AimOffsets/ALS_N_AO_R180.uasset" 71
"../../../../../GitHub/HP35/Content/AdvancedLocomotionV3/Characters/Mannequin/Animations/AimOffsets/ALS_N_AO_R90.uasset" 72
"../../../../../GitHub/HP35/Content/AdvancedLocomotionV3/Characters/Mannequin/Animations/AimOffsets/ALS_N_AO_RD180.uasset" 73
"../../../../../GitHub/HP35/Content/AdvancedLocomotionV3/Characters/Mannequin/Animations/AimOffsets/ALS_N_AO_RD90.uasset" 74
"../../../../../GitHub/HP35/Content/AdvancedLocomotionV3/Characters/Mannequin/Animations/AimOffsets/ALS_N_AO_RU180.uasset" 75
"../../../../../GitHub/HP35/Content/AdvancedLocomotionV3/Characters/Mannequin/Animations/AimOffsets/ALS_N_AO_RU90.uasset" 76
"../../../../../GitHub/HP35/Content/AdvancedLocomotionV3/Characters/Mannequin/Animations/AimOffsets/ALS_N_AO.uasset" 77
"../../../../../GitHub/HP35/Content/AdvancedLocomotionV3/Audio/Footsteps/Concrete/Concrete_Pivot_01.uasset" 78
"../../../../../GitHub/HP35/Content/AdvancedLocomotionV3/Audio/Footsteps/Concrete/Concrete_Pivot_02.uasset" 79
"../../../../../GitHub/HP35/Content/AdvancedLocomotionV3/Audio/Footsteps/Concrete/Concrete_Pivot_03.uasset" 80
"../../../../../GitHub/HP35/Content/AdvancedLocomotionV3/Audio/Footsteps/Concrete/Concrete_Pivot_04.uasset" 81
"../../../../../GitHub/HP35/Content/AdvancedLocomotionV3/Audio/Footsteps/Concrete/Concrete_Run_01.uasset" 82
"../../../../../GitHub/HP35/Content/AdvancedLocomotionV3/Audio/Footsteps/Concrete/Concrete_Run_02.uasset" 83
"../../../../../GitHub/HP35/Content/AdvancedLocomotionV3/Audio/Footsteps/Concrete/Concrete_Run_03.uasset" 84
"../../../../../GitHub/HP35/Content/AdvancedLocomotionV3/Audio/Footsteps/Concrete/Concrete_Run_04.uasset" 85
"../../../../../GitHub/HP35/Content/AdvancedLocomotionV3/Audio/Footsteps/Concrete/Concrete_Step_01.uasset" 86
"../../../../../GitHub/HP35/Content/AdvancedLocomotionV3/Audio/Footsteps/Concrete/Concrete_Step_02.uasset" 87
"../../../../../GitHub/HP35/Content/AdvancedLocomotionV3/Audio/Footsteps/Concrete/Concrete_Step_03.uasset" 88
"../../../../../GitHub/HP35/Content/AdvancedLocomotionV3/Audio/Footsteps/Concrete/Concrete_Walk_01.uasset" 89
"../../../../../GitHub/HP35/Content/AdvancedLocomotionV3/Audio/Footsteps/Concrete/Concrete_Walk_02.uasset" 90
"../../../../../GitHub/HP35/Content/AdvancedLocomotionV3/Audio/Footsteps/Concrete/Concrete_Walk_03.uasset" 91
"../../../../../GitHub/HP35/Content/AdvancedLocomotionV3/Audio/Footsteps/Concrete/Concrete_Walk_04.uasset" 92
"../../../../../GitHub/HP35/Content/AdvancedLocomotionV3/Audio/Footsteps/Concrete/Concrete_Walk_05.uasset" 93
"../../../../../GitHub/HP35/Content/AdvancedLocomotionV3/Audio/Footsteps/Footstep_Cue.uasset" 94
"../../../../../GitHub/HP35/Content/AdvancedLocomotionV3/Blueprints/Enums/FootstepType.uasset" 95
"../../../../../GitHub/HP35/Content/AdvancedLocomotionV3/Blueprints/AnimNotifys/Footstep_AnimNotify.uasset" 96
"../../../../../GitHub/HP35/Content/AdvancedLocomotionV3/Blueprints/AnimNotifys/IdleEntry_AnimNotify.uasset" 97
"../../../../../GitHub/HP35/Content/AdvancedLocomotionV3/Characters/Mannequin/Animations/GettingUp/ALS_CLF_GetUpFromBack.uasset" 98
"../../../../../GitHub/HP35/Content/AdvancedLocomotionV3/Characters/Mannequin/Animations/GettingUp/ALS_CLF_GetUpFromBack_Montage.uasset" 99
"../../../../../GitHub/HP35/Content/AdvancedLocomotionV3/Characters/Mannequin/Animations/GettingUp/ALS_CLF_GetUpFromFront.uasset" 100
"../../../../../GitHub/HP35/Content/AdvancedLocomotionV3/Characters/Mannequin/Animations/GettingUp/ALS_CLF_GetUpFromFront_Montage.uasset" 101
"../../../../../GitHub/HP35/Content/AdvancedLocomotionV3/Blueprints/AnimNotifys/TurnInPlace_AnimNotifyState.uasset" 102
"../../../../../GitHub/HP35/Content/AdvancedLocomotionV3/Blueprints/Curves/TurnInPlaceCurves/C_Turn_L90.uasset" 103
"../../../../../GitHub/HP35/Content/AdvancedLocomotionV3/Characters/Mannequin/Animations/TurnInPlace/ALS_CLF_Turn_L90.uasset" 104
"../../../../../GitHub/HP35/Content/AdvancedLocomotionV3/Characters/Mannequin/Animations/TurnInPlace/ALS_CLF_Turn_L90_Montage.uasset" 105
"../../../../../GitHub/HP35/Content/AdvancedLocomotionV3/Blueprints/Curves/TurnInPlaceCurves/C_Turn_R90.uasset" 106
"../../../../../GitHub/HP35/Content/AdvancedLocomotionV3/Characters/Mannequin/Animations/TurnInPlace/ALS_CLF_Turn_R90.uasset" 107
"../../../../../GitHub/HP35/Content/AdvancedLocomotionV3/Characters/Mannequin/Animations/TurnInPlace/ALS_CLF_Turn_R90_Montage.uasset" 108
"../../../../../GitHub/HP35/Content/AdvancedLocomotionV3/Characters/Mannequin/Animations/TurnInPlace/ALS_CRF_Turn_L90.uasset" 109
"../../../../../GitHub/HP35/Content/AdvancedLocomotionV3/Characters/Mannequin/Animations/TurnInPlace/ALS_CRF_Turn_L90_Montage.uasset" 110
"../../../../../GitHub/HP35/Content/AdvancedLocomotionV3/Characters/Mannequin/Animations/TurnInPlace/ALS_CRF_Turn_R90.uasset" 111
"../../../../../GitHub/HP35/Content/AdvancedLocomotionV3/Characters/Mannequin/Animations/TurnInPlace/ALS_CRF_Turn_R90_Montage.uasset" 112
"../../../../../GitHub/HP35/Content/AdvancedLocomotionV3/Blueprints/Curves/TurnInPlaceCurves/Turn_L90.uasset" 113
"../../../../../GitHub/HP35/Content/AdvancedLocomotionV3/Characters/Mannequin/Animations/TurnInPlace/ALS_LF_Turn_L90.uasset" 114
"../../../../../GitHub/HP35/Content/AdvancedLocomotionV3/Characters/Mannequin/Animations/TurnInPlace/ALS_LF_Turn_L90_Montage.uasset" 115
"../../../../../GitHub/HP35/Content/AdvancedLocomotionV3/Blueprints/Curves/TurnInPlaceCurves/Turn_R90.uasset" 116
"../../../../../GitHub/HP35/Content/AdvancedLocomotionV3/Characters/Mannequin/Animations/TurnInPlace/ALS_LF_Turn_R90.uasset" 117
"../../../../../GitHub/HP35/Content/AdvancedLocomotionV3/Characters/Mannequin/Animations/TurnInPlace/ALS_LF_Turn_R90_Montage.uasset" 118
"../../../../../GitHub/HP35/Content/AdvancedLocomotionV3/Blueprints/Curves/TurnInPlaceCurves/Turn_L180.uasset" 119
"../../../../../GitHub/HP35/Content/AdvancedLocomotionV3/Characters/Mannequin/Animations/TurnInPlace/ALS_N_Turn_L180.uasset" 120
"../../../../../GitHub/HP35/Content/AdvancedLocomotionV3/Characters/Mannequin/Animations/TurnInPlace/ALS_N_Turn_L180_Montage.uasset" 121
"../../../../../GitHub/HP35/Content/AdvancedLocomotionV3/Characters/Mannequin/Animations/TurnInPlace/ALS_N_Turn_L90.uasset" 122
"../../../../../GitHub/HP35/Content/AdvancedLocomotionV3/Characters/Mannequin/Animations/TurnInPlace/ALS_N_Turn_L90_Montage.uasset" 123
"../../../../../GitHub/HP35/Content/AdvancedLocomotionV3/Blueprints/Curves/TurnInPlaceCurves/Turn_R180.uasset" 124
"../../../../../GitHub/HP35/Content/AdvancedLocomotionV3/Characters/Mannequin/Animations/TurnInPlace/ALS_N_Turn_R180.uasset" 125
"../../../../../GitHub/HP35/Content/AdvancedLocomotionV3/Characters/Mannequin/Animations/TurnInPlace/ALS_N_Turn_R180_Montage.uasset" 126
"../../../../../GitHub/HP35/Content/AdvancedLocomotionV3/Characters/Mannequin/Animations/TurnInPlace/ALS_N_Turn_R90.uasset" 127
"../../../../../GitHub/HP35/Content/AdvancedLocomotionV3/Characters/Mannequin/Animations/TurnInPlace/ALS_N_Turn_R90_Montage.uasset" 128
"../../../../../GitHub/HP35/Content/AdvancedLocomotionV3/Characters/Mannequin/Animations/TurnInPlace/ALS_RF_Turn_L90.uasset" 129
"../../../../../GitHub/HP35/Content/AdvancedLocomotionV3/Characters/Mannequin/Animations/TurnInPlace/ALS_RF_Turn_L90_Montage.uasset" 130
"../../../../../GitHub/HP35/Content/AdvancedLocomotionV3/Characters/Mannequin/Animations/TurnInPlace/ALS_RF_Turn_R90.uasset" 131
"../../../../../GitHub/HP35/Content/AdvancedLocomotionV3/Characters/Mannequin/Animations/TurnInPlace/ALS_RF_Turn_R90_Montage.uasset" 132
"../../../../../GitHub/HP35/Content/AdvancedLocomotionV3/Characters/Mannequin/Animations/Idles/ALS_CLF_Idle_Pose.uasset" 133
"../../../../../GitHub/HP35/Content/AdvancedLocomotionV3/Characters/Mannequin/Animations/Idles/ALS_CLF_Idle_Additive.uasset" 134
"../../../../../GitHub/HP35/Content/AdvancedLocomotionV3/Characters/Mannequin/Animations/Idles/ALS_CRF_Idle_Pose.uasset" 135
"../../../../../GitHub/HP35/Content/AdvancedLocomotionV3/Characters/Mannequin/Animations/Idles/ALS_CRF_Idle_Additive.uasset" 136
"../../../../../GitHub/HP35/Content/AdvancedLocomotionV3/Characters/Mannequin/Animations/Idles/ALS_LF_Idle_Pose.uasset" 137
"../../../../../GitHub/HP35/Content/AdvancedLocomotionV3/Characters/Mannequin/Animations/Idles/ALS_N_Idle_Additive.uasset" 138
"../../../../../GitHub/HP35/Content/AdvancedLocomotionV3/Characters/Mannequin/Animations/Idles/ALS_RF_Idle_Pose.uasset" 139
"../../../../../GitHub/HP35/Content/AdvancedLocomotionV3/Characters/Mannequin/Animations/Idles/Transitions/ALS_CLF_to_CRF_Idle.uasset" 140
"../../../../../GitHub/HP35/Content/AdvancedLocomotionV3/Characters/Mannequin/Animations/Idles/Transitions/ALS_CRF_to_CLF_Idle.uasset" 141
"../../../../../GitHub/HP35/Content/AdvancedLocomotionV3/Characters/Mannequin/Animations/Idles/Transitions/ALS_LF_to_CLF_Idle.uasset" 142
"../../../../../GitHub/HP35/Content/AdvancedLocomotionV3/Characters/Mannequin/Animations/Idles/Transitions/ALS_LF_to_RF_Idle.uasset" 143
"../../../../../GitHub/HP35/Content/AdvancedLocomotionV3/Characters/Mannequin/Animations/Idles/Transitions/ALS_N_to_CLF_Idle.uasset" 144
"../../../../../GitHub/HP35/Content/AdvancedLocomotionV3/Characters/Mannequin/Animations/Idles/Transitions/ALS_N_to_CRF_Idle.uasset" 145
"../../../../../GitHub/HP35/Content/AdvancedLocomotionV3/Characters/Mannequin/Animations/Idles/Transitions/ALS_N_to_LF_Idle.uasset" 146
"../../../../../GitHub/HP35/Content/AdvancedLocomotionV3/Characters/Mannequin/Animations/Idles/Transitions/ALS_N_to_RF_Idle.uasset" 147
"../../../../../GitHub/HP35/Content/AdvancedLocomotionV3/Characters/Mannequin/Animations/Idles/Transitions/ALS_RF_to_CRF_Idle.uasset" 148
"../../../../../GitHub/HP35/Content/AdvancedLocomotionV3/Characters/Mannequin/Animations/InAir/ALS_Curl.uasset" 149
"../../../../../GitHub/HP35/Content/AdvancedLocomotionV3/Characters/Mannequin/Animations/InAir/ALS_Flail.uasset" 150
"../../../../../GitHub/HP35/Content/AdvancedLocomotionV3/Characters/Mannequin/Animations/InAir/ALS_N_AdditiveLandCompression.uasset" 151
"../../../../../GitHub/HP35/Content/AdvancedLocomotionV3/Characters/Mannequin/Animations/InAir/ALS_N_FallLoop.uasset" 152
"../../../../../GitHub/HP35/Content/AdvancedLocomotionV3/Characters/Mannequin/Animations/InAir/ALS_N_Jump.uasset" 153
"../../../../../GitHub/HP35/Content/AdvancedLocomotionV3/Characters/Mannequin/Animations/InAir/ALS_N_Land.uasset" 154
"../../../../../GitHub/HP35/Content/AdvancedLocomotionV3/Blueprints/AnimNotifys/Pivot_AnimNotifyState.uasset" 155
"../../../../../GitHub/HP35/Content/AdvancedLocomotionV3/Characters/Mannequin/Animations/Pivots/ALS_LF_Pivot_B.uasset" 156
"../../../../../GitHub/HP35/Content/AdvancedLocomotionV3/Characters/Mannequin/Animations/Pivots/ALS_LF_Pivot_F.uasset" 157
"../../../../../GitHub/HP35/Content/AdvancedLocomotionV3/Characters/Mannequin/Animations/Pivots/ALS_LF_Pivot_L.uasset" 158
"../../../../../GitHub/HP35/Content/AdvancedLocomotionV3/Characters/Mannequin/Animations/Pivots/ALS_LF_Pivot_R.uasset" 159
"../../../../../GitHub/HP35/Content/AdvancedLocomotionV3/Characters/Mannequin/Animations/Pivots/ALS_RF_Pivot_B.uasset" 160
"../../../../../GitHub/HP35/Content/AdvancedLocomotionV3/Characters/Mannequin/Animations/Pivots/ALS_RF_Pivot_F.uasset" 161
"../../../../../GitHub/HP35/Content/AdvancedLocomotionV3/Characters/Mannequin/Animations/Pivots/ALS_RF_Pivot_L.uasset" 162
"../../../../../GitHub/HP35/Content/AdvancedLocomotionV3/Characters/Mannequin/Animations/Pivots/ALS_RF_Pivot_R.uasset" 163
"../../../../../GitHub/HP35/Content/AdvancedLocomotionV3/Characters/Mannequin/Animations/Stopping/ALS_CLF_Stop.uasset" 164
"../../../../../GitHub/HP35/Content/AdvancedLocomotionV3/Characters/Mannequin/Animations/Stopping/ALS_CRF_Stop.uasset" 165
"../../../../../GitHub/HP35/Content/AdvancedLocomotionV3/Characters/Mannequin/Animations/AdditivePoses/ALS_N_Idle_Additive_Pose.uasset" 166
"../../../../../GitHub/HP35/Content/AdvancedLocomotionV3/Characters/Mannequin/Animations/AdditivePoses/ALS_N_Lean_B_Pose.uasset" 167
"../../../../../GitHub/HP35/Content/AdvancedLocomotionV3/Characters/Mannequin/Animations/AdditivePoses/ALS_N_Lean_F_Pose.uasset" 168
"../../../../../GitHub/HP35/Content/AdvancedLocomotionV3/Characters/Mannequin/Animations/AdditivePoses/ALS_N_Lean_L_Pose.uasset" 169
"../../../../../GitHub/HP35/Content/AdvancedLocomotionV3/Characters/Mannequin/Animations/AdditivePoses/ALS_N_Lean_R_Pose.uasset" 170
"../../../../../GitHub/HP35/Content/AdvancedLocomotionV3/Characters/Mannequin/Animations/AdditivePoses/ALS_N_Lean_Grounded.uasset" 171
"../../../../../GitHub/HP35/Content/AdvancedLocomotionV3/Characters/Mannequin/Animations/AdditivePoses/ALS_N_InAir_Additive_Pose.uasset" 172
"../../../../../GitHub/HP35/Content/AdvancedLocomotionV3/Characters/Mannequin/Animations/AdditivePoses/ALS_N_InAIr_Lean_B_Pose.uasset" 173
"../../../../../GitHub/HP35/Content/AdvancedLocomotionV3/Characters/Mannequin/Animations/AdditivePoses/ALS_N_InAIr_Lean_F_Pose.uasset" 174
"../../../../../GitHub/HP35/Content/AdvancedLocomotionV3/Characters/Mannequin/Animations/AdditivePoses/ALS_N_InAIr_Lean_L_Pose.uasset" 175
"../../../../../GitHub/HP35/Content/AdvancedLocomotionV3/Characters/Mannequin/Animations/AdditivePoses/ALS_N_InAIr_Lean_R_Pose.uasset" 176
"../../../../../GitHub/HP35/Content/AdvancedLocomotionV3/Characters/Mannequin/Animations/AdditivePoses/ALS_N_Lean_InAir.uasset" 177
"../../../../../GitHub/HP35/Content/AdvancedLocomotionV3/Characters/Mannequin/Animations/Locomotion/ALS_LF_Walk_B.uasset" 178
"../../../../../GitHub/HP35/Content/AdvancedLocomotionV3/Characters/Mannequin/Animations/Locomotion/ALS_LF_Walk_F.uasset" 179
"../../../../../GitHub/HP35/Content/AdvancedLocomotionV3/Characters/Mannequin/Animations/Locomotion/ALS_LF_Walk_L.uasset" 180
"../../../../../GitHub/HP35/Content/AdvancedLocomotionV3/Characters/Mannequin/Animations/Locomotion/ALS_LF_Walk_R.uasset" 181
"../../../../../GitHub/HP35/Content/AdvancedLocomotionV3/Characters/Mannequin/Animations/Locomotion/ALS_N_Run_B.uasset" 182
"../../../../../GitHub/HP35/Content/AdvancedLocomotionV3/Characters/Mannequin/Animations/Locomotion/ALS_N_Run_BL.uasset" 183
"../../../../../GitHub/HP35/Content/AdvancedLocomotionV3/Characters/Mannequin/Animations/Locomotion/ALS_N_Run_F.uasset" 184
"../../../../../GitHub/HP35/Content/AdvancedLocomotionV3/Characters/Mannequin/Animations/Locomotion/ALS_N_Run_FL.uasset" 185
"../../../../../GitHub/HP35/Content/AdvancedLocomotionV3/Characters/Mannequin/Animations/Locomotion/ALS_N_Run_FR.uasset" 186
"../../../../../GitHub/HP35/Content/AdvancedLocomotionV3/Blueprints/AnimNotifys/CameraShake_AnimNotify.uasset" 187
"../../../../../GitHub/HP35/Content/AdvancedLocomotionV3/Blueprints/Misc/Sprint_CameraShake.uasset" 188
"../../../../../GitHub/HP35/Content/AdvancedLocomotionV3/Characters/Mannequin/Animations/Locomotion/ALS_N_Sprint_F.uasset" 189
"../../../../../GitHub/HP35/Content/AdvancedLocomotionV3/Characters/Mannequin/Animations/Locomotion/ALS_LF_Locomotion.uasset" 190
"../../../../../GitHub/HP35/Content/AdvancedLocomotionV3/Characters/Mannequin/Animations/Locomotion/ALS_N_Run_BR.uasset" 191
"../../../../../GitHub/HP35/Content/AdvancedLocomotionV3/Characters/Mannequin/Animations/Locomotion/ALS_N_Walk_B.uasset" 192
"../../../../../GitHub/HP35/Content/AdvancedLocomotionV3/Characters/Mannequin/Animations/Locomotion/ALS_N_Walk_BL.uasset" 193
"../../../../../GitHub/HP35/Content/AdvancedLocomotionV3/Characters/Mannequin/Animations/Locomotion/ALS_N_Walk_BL_135.uasset" 194
"../../../../../GitHub/HP35/Content/AdvancedLocomotionV3/Characters/Mannequin/Animations/Locomotion/ALS_N_Walk_BR.uasset" 195
"../../../../../GitHub/HP35/Content/AdvancedLocomotionV3/Characters/Mannequin/Animations/Locomotion/ALS_N_Walk_BR_135.uasset" 196
"../../../../../GitHub/HP35/Content/AdvancedLocomotionV3/Characters/Mannequin/Animations/Locomotion/ALS_N_Walk_F.uasset" 197
"../../../../../GitHub/HP35/Content/AdvancedLocomotionV3/Characters/Mannequin/Animations/Locomotion/ALS_N_Locomotion_B.uasset" 198
"../../../../../GitHub/HP35/Content/AdvancedLocomotionV3/Characters/Mannequin/Animations/Locomotion/ALS_N_Locomotion_B_Upper.uasset" 199
"../../../../../GitHub/HP35/Content/AdvancedLocomotionV3/Characters/Mannequin/Animations/Locomotion/ALS_N_Walk_FL.uasset" 200
"../../../../../GitHub/HP35/Content/AdvancedLocomotionV3/Characters/Mannequin/Animations/Locomotion/ALS_N_Walk_FL_45.uasset" 201
"../../../../../GitHub/HP35/Content/AdvancedLocomotionV3/Characters/Mannequin/Animations/Locomotion/ALS_N_Walk_FR.uasset" 202
"../../../../../GitHub/HP35/Content/AdvancedLocomotionV3/Characters/Mannequin/Animations/Locomotion/ALS_N_Walk_FR_45.uasset" 203
"../../../../../GitHub/HP35/Content/AdvancedLocomotionV3/Characters/Mannequin/Animations/Locomotion/ALS_N_Locomotion_F.uasset" 204
"../../../../../GitHub/HP35/Content/AdvancedLocomotionV3/Characters/Mannequin/Animations/Locomotion/ALS_N_Locomotion_F_90.uasset" 205
"../../../../../GitHub/HP35/Content/AdvancedLocomotionV3/Characters/Mannequin/Animations/Locomotion/ALS_N_Locomotion_F_Upper.uasset" 206
"../../../../../GitHub/HP35/Content/AdvancedLocomotionV3/Characters/Mannequin/Animations/Locomotion/ALS_RF_Walk_B.uasset" 207
"../../../../../GitHub/HP35/Content/AdvancedLocomotionV3/Characters/Mannequin/Animations/Locomotion/ALS_RF_Walk_F.uasset" 208
"../../../../../GitHub/HP35/Content/AdvancedLocomotionV3/Characters/Mannequin/Animations/Locomotion/ALS_RF_Walk_L.uasset" 209
"../../../../../GitHub/HP35/Content/AdvancedLocomotionV3/Characters/Mannequin/Animations/Locomotion/ALS_RF_Walk_R.uasset" 210
"../../../../../GitHub/HP35/Content/AdvancedLocomotionV3/Characters/Mannequin/Animations/Locomotion/ALS_RF_Locomotion.uasset" 211
"../../../../../GitHub/HP35/Content/AdvancedLocomotionV3/Characters/Mannequin/Animations/Stopping/ALS_LF_Stop_0_LF.uasset" 212
"../../../../../GitHub/HP35/Content/AdvancedLocomotionV3/Characters/Mannequin/Animations/Stopping/ALS_LF_Stop_0_RF.uasset" 213
"../../../../../GitHub/HP35/Content/AdvancedLocomotionV3/Characters/Mannequin/Animations/Stopping/ALS_LF_Stop_90_LF.uasset" 214
"../../../../../GitHub/HP35/Content/AdvancedLocomotionV3/Characters/Mannequin/Animations/Stopping/ALS_LF_Stop_90_RF.uasset" 215
"../../../../../GitHub/HP35/Content/AdvancedLocomotionV3/Characters/Mannequin/Animations/Stopping/ALS_LF_Stop.uasset" 216
"../../../../../GitHub/HP35/Content/AdvancedLocomotionV3/Characters/Mannequin/Animations/Stopping/ALS_N_Stop_-90_LF.uasset" 217
"../../../../../GitHub/HP35/Content/AdvancedLocomotionV3/Characters/Mannequin/Animations/Stopping/ALS_N_Stop_-90_LF0.uasset" 218
"../../../../../GitHub/HP35/Content/AdvancedLocomotionV3/Characters/Mannequin/Animations/Stopping/ALS_N_Stop_0_LF.uasset" 219
"../../../../../GitHub/HP35/Content/AdvancedLocomotionV3/Characters/Mannequin/Animations/Stopping/ALS_N_Stop_90_LF.uasset" 220
"../../../../../GitHub/HP35/Content/AdvancedLocomotionV3/Characters/Mannequin/Animations/Stopping/ALS_N_Stop_90_LF0.uasset" 221
"../../../../../GitHub/HP35/Content/AdvancedLocomotionV3/Characters/Mannequin/Animations/Stopping/ALS_N_Stop_LF.uasset" 222
"../../../../../GitHub/HP35/Content/AdvancedLocomotionV3/Characters/Mannequin/Animations/Stopping/ALS_N_Stop_-90_RF.uasset" 223
"../../../../../GitHub/HP35/Content/AdvancedLocomotionV3/Characters/Mannequin/Animations/Stopping/ALS_N_Stop_-90_RF0.uasset" 224
"../../../../../GitHub/HP35/Content/AdvancedLocomotionV3/Characters/Mannequin/Animations/Stopping/ALS_N_Stop_0_RF.uasset" 225
"../../../../../GitHub/HP35/Content/AdvancedLocomotionV3/Characters/Mannequin/Animations/Stopping/ALS_N_Stop_90_RF.uasset" 226
"../../../../../GitHub/HP35/Content/AdvancedLocomotionV3/Characters/Mannequin/Animations/Stopping/ALS_N_Stop_90_RF0.uasset" 227
"../../../../../GitHub/HP35/Content/AdvancedLocomotionV3/Characters/Mannequin/Animations/Stopping/ALS_N_Stop_RF.uasset" 228
"../../../../../GitHub/HP35/Content/AdvancedLocomotionV3/Characters/Mannequin/Animations/Stopping/ALS_RF_Stop_0_LF.uasset" 229
"../../../../../GitHub/HP35/Content/AdvancedLocomotionV3/Characters/Mannequin/Animations/Stopping/ALS_RF_Stop_0_RF.uasset" 230
"../../../../../GitHub/HP35/Content/AdvancedLocomotionV3/Characters/Mannequin/Animations/Stopping/ALS_RF_Stop_90_LF.uasset" 231
"../../../../../GitHub/HP35/Content/AdvancedLocomotionV3/Characters/Mannequin/Animations/Stopping/ALS_RF_Stop_90_RF.uasset" 232
"../../../../../GitHub/HP35/Content/AdvancedLocomotionV3/Characters/Mannequin/Animations/Stopping/ALS_RF_Stop.uasset" 233
"../../../../../GitHub/HP35/Content/AdvancedLocomotionV3/Characters/Mannequin/Animations/Locomotion/ALS_CLF_Walk_B.uasset" 234
"../../../../../GitHub/HP35/Content/AdvancedLocomotionV3/Characters/Mannequin/Animations/Locomotion/ALS_CLF_Walk_F.uasset" 235
"../../../../../GitHub/HP35/Content/AdvancedLocomotionV3/Characters/Mannequin/Animations/Locomotion/ALS_CLF_Walk_L.uasset" 236
"../../../../../GitHub/HP35/Content/AdvancedLocomotionV3/Characters/Mannequin/Animations/Locomotion/ALS_CLF_Walk_R.uasset" 237
"../../../../../GitHub/HP35/Content/AdvancedLocomotionV3/Characters/Mannequin/Animations/Locomotion/ALS_CLF_Locomotion.uasset" 238
"../../../../../GitHub/HP35/Content/AdvancedLocomotionV3/Characters/Mannequin/Animations/Locomotion/ALS_CRF_Walk_B.uasset" 239
"../../../../../GitHub/HP35/Content/AdvancedLocomotionV3/Characters/Mannequin/Animations/Locomotion/ALS_CRF_Walk_F.uasset" 240
"../../../../../GitHub/HP35/Content/AdvancedLocomotionV3/Characters/Mannequin/Animations/Locomotion/ALS_CRF_Walk_L.uasset" 241
"../../../../../GitHub/HP35/Content/AdvancedLocomotionV3/Characters/Mannequin/Animations/Locomotion/ALS_CRF_Walk_R.uasset" 242
"../../../../../GitHub/HP35/Content/AdvancedLocomotionV3/Characters/Mannequin/Animations/Locomotion/ALS_CRF_Locomotion.uasset" 243
"../../../../../GitHub/HP35/Content/AdvancedLocomotionV3/Blueprints/Curves/AnimBlendCurves/FlailAlphaCurve.uasset" 244
"../../../../../GitHub/HP35/Content/AdvancedLocomotionV3/Blueprints/Curves/AnimBlendCurves/LandPredictionAlphaCurve.uasset" 245
"../../../../../GitHub/HP35/Content/AdvancedLocomotionV3/Blueprints/Curves/TransitionCurves/IdleTransition.uasset" 246
"../../../../../GitHub/HP35/Content/AdvancedLocomotionV3/Blueprints/Structs/TurnAnims.uasset" 247
"../../../../../GitHub/HP35/Content/AdvancedLocomotionV3/Blueprints/Enums/LocomotionState.uasset" 248
"../../../../../GitHub/HP35/Content/AdvancedLocomotionV3/Characters/Mannequin/Mannequin_AnimBP.uasset" 249
"../../../../../GitHub/HP35/Content/AdvancedLocomotionV3/Characters/Mannequin/Materials/M_UE4Man_Body_Beige.uasset" 250
"../../../../../GitHub/HP35/Content/AdvancedLocomotionV3/Characters/Mannequin/Materials/M_UE4Man_ChestLogo_Beige.uasset" 251
"../../../../../GitHub/HP35/Content/AdvancedLocomotionV3/Characters/Mannequin/Mannequin_IK_AnimBP.uasset" 252
"../../../../../GitHub/HP35/Content/AdvancedLocomotionV3/Characters/Mannequin/Mannequin_PhysicsAsset.uasset" 253
"../../../../../GitHub/HP35/Content/AdvancedLocomotionV3/Characters/Mannequin/Mannequin.uasset" 254
"../../../../../GitHub/HP35/Content/pawnsAndShit/Teams.uasset" 255
"../../../../../GitHub/HP35/Content/AdvancedLocomotionV3/Blueprints/MannequinCharacter.uasset" 256
"../../../../../GitHub/HP35/Content/GameModes/MainGameState.uasset" 257
"../../../../../GitHub/HP35/Content/AdvancedLocomotionV3/Maps/simpleMaterial.uasset" 258
"../../../../../GitHub/HP35/Content/AdvancedLocomotionV3/Blueprints/Attacker_charcter.uasset" 259
"../../../../../GitHub/HP35/Content/AdvancedLocomotionV3/Blueprints/Defender_character.uasset" 260
"../../../../../GitHub/HP35/Content/GameModes/TDM_gamemode.uasset" 261
"../../../../../GitHub/HP35/Content/GameModes/TDM.uasset" 262
"../../../../../GitHub/HP35/Content/pawnsAndShit/StartingCamera.uasset" 263
"../../../../../GitHub/HP35/Content/pawns/StartingCamera.uasset" 264
"../../../../../GitHub/HP35/Content/StarterContent/Materials/M_Basic_Wall.uasset" 265
"../../../../../GitHub/HP35/Content/StarterContent/Architecture/Pillar_50x500.uasset" 266
"../../../../../GitHub/HP35/Content/StarterContent/Architecture/Wall_400x300.uasset" 267
"../../../../../GitHub/HP35/Content/StarterContent/Architecture/Wall_400x400.uasset" 268
"../../../../../GitHub/HP35/Content/StarterContent/Architecture/Wall_500x500.uasset" 269
"../../../../../GitHub/HP35/Content/StarterContent/Architecture/Wall_Door_400x400.uasset" 270
"../../../../../GitHub/HP35/Content/StarterContent/Architecture/Wall_Window_400x400.uasset" 271
"../../../../../GitHub/HP35/Content/StarterContent/Audio/Collapse01.uasset" 272
"../../../../../GitHub/HP35/Content/StarterContent/Audio/Collapse02.uasset" 273
"../../../../../GitHub/HP35/Content/StarterContent/Audio/Explosion01.uasset" 274
"../../../../../GitHub/HP35/Content/StarterContent/Audio/Explosion02.uasset" 275
"../../../../../GitHub/HP35/Content/StarterContent/Audio/Fire01.uasset" 276
"../../../../../GitHub/HP35/Content/StarterContent/Audio/Fire_Sparks01.uasset" 277
"../../../../../GitHub/HP35/Content/StarterContent/Audio/Light01.uasset" 278
"../../../../../GitHub/HP35/Content/StarterContent/Audio/Light01_Cue.uasset" 279
"../../../../../GitHub/HP35/Content/StarterContent/Audio/Light02.uasset" 280
"../../../../../GitHub/HP35/Content/StarterContent/Audio/Light02_Cue.uasset" 281
"../../../../../GitHub/HP35/Content/StarterContent/Audio/Smoke01.uasset" 282
"../../../../../GitHub/HP35/Content/StarterContent/Audio/Starter_Birds01.uasset" 283
"../../../../../GitHub/HP35/Content/StarterContent/Audio/Starter_Music01.uasset" 284
"../../../../../GitHub/HP35/Content/StarterContent/Audio/Starter_Wind05.uasset" 285
"../../../../../GitHub/HP35/Content/StarterContent/Audio/Starter_Wind06.uasset" 286
"../../../../../GitHub/HP35/Content/StarterContent/Audio/Steam01.uasset" 287
"../../../../../GitHub/HP35/Content/StarterContent/Audio/Explosion_Cue.uasset" 288
"../../../../../GitHub/HP35/Content/StarterContent/Textures/T_Burst_M.uasset" 289
"../../../../../GitHub/HP35/Content/StarterContent/Particles/Materials/M_Burst.uasset" 290
"../../../../../GitHub/HP35/Content/StarterContent/Textures/T_Explosion_SubUV.uasset" 291
"../../../../../GitHub/HP35/Content/StarterContent/Particles/Materials/M_explosion_subUV.uasset" 292
"../../../../../GitHub/HP35/Content/StarterContent/Particles/Materials/m_flare_01.uasset" 293
"../../../Engine/Content/Functions/Engine_MaterialFunctions01/Gradient/RadialGradient.uasset" 294
"../../../../../GitHub/HP35/Content/StarterContent/Particles/Materials/M_radial_ramp.uasset" 295
"../../../../../GitHub/HP35/Content/StarterContent/Textures/T_Smoke_SubUV.uasset" 296
"../../../../../GitHub/HP35/Content/StarterContent/Textures/T_Smoke_Tiled_D.uasset" 297
"../../../../../GitHub/HP35/Content/StarterContent/Particles/Materials/M_smoke_subUV.uasset" 298
"../../../../../GitHub/HP35/Content/StarterContent/Particles/P_Explosion.uasset" 299
"../../../../../GitHub/HP35/Content/StarterContent/Blueprints/Blueprint_Effect_Explosion.uasset" 300
"../../../Engine/Content/EditorMeshes/ColorCalibrator/T_ColorGrid.uasset" 301
"../../../../../GitHub/HP35/Content/StarterContent/Materials/M_ColorGrid_LowSpec.uasset" 302
"../../../../../GitHub/HP35/Content/StarterContent/Textures/T_Bush_D.uasset" 303
"../../../../../GitHub/HP35/Content/StarterContent/Textures/T_Bush_N.uasset" 304
"../../../../../GitHub/HP35/Content/StarterContent/Props/Materials/M_Bush.uasset" 305
"../../../../../GitHub/HP35/Content/StarterContent/Props/SM_Bush.uasset" 306
"../../../../../GitHub/HP35/Content/StarterContent/Textures/T_Chair_M.uasset" 307
"../../../../../GitHub/HP35/Content/StarterContent/Textures/T_Chair_N.uasset" 308
"../../../../../GitHub/HP35/Content/StarterContent/Props/Materials/M_Chair.uasset" 309
"../../../../../GitHub/HP35/Content/StarterContent/Props/SM_Couch.uasset" 310
"../../../../../GitHub/HP35/Content/StarterContent/Materials/M_Glass.uasset" 311
"../../../../../GitHub/HP35/Content/StarterContent/Textures/T_Door_M.uasset" 312
"../../../../../GitHub/HP35/Content/StarterContent/Textures/T_Door_N.uasset" 313
"../../../../../GitHub/HP35/Content/StarterContent/Props/Materials/M_Door.uasset" 314
"../../../../../GitHub/HP35/Content/StarterContent/Props/SM_Door.uasset" 315
"../../../../../GitHub/HP35/Content/StarterContent/Props/Materials/M_MaterialSphere.uasset" 316
"../../../../../GitHub/HP35/Content/StarterContent/Props/Materials/M_MaterialSphere_Plain.uasset" 317
"../../../../../GitHub/HP35/Content/StarterContent/Props/SM_MatPreviewMesh_02.uasset" 318
"../../../../../GitHub/HP35/Content/StarterContent/Textures/T_Detail_Rocky_N.uasset" 319
"../../../../../GitHub/HP35/Content/StarterContent/Textures/T_Rock_Basalt_D.uasset" 320
"../../../../../GitHub/HP35/Content/StarterContent/Textures/T_RockMesh_M.uasset" 321
"../../../../../GitHub/HP35/Content/StarterContent/Textures/T_RockMesh_N.uasset" 322
"../../../../../GitHub/HP35/Content/StarterContent/Props/Materials/M_Rock.uasset" 323
"../../../../../GitHub/HP35/Content/StarterContent/Props/SM_Rock.uasset" 324
"../../../../../GitHub/HP35/Content/StarterContent/Textures/T_Shelf_M.uasset" 325
"../../../../../GitHub/HP35/Content/StarterContent/Textures/T_Shelf_N.uasset" 326
"../../../../../GitHub/HP35/Content/StarterContent/Props/Materials/M_Shelf.uasset" 327
"../../../../../GitHub/HP35/Content/StarterContent/Props/SM_Shelf.uasset" 328
"../../../../../GitHub/HP35/Content/StarterContent/Materials/M_Basic_Floor.uasset" 329
"../../../../../GitHub/HP35/Content/StarterContent/Props/SM_Stairs.uasset" 330
"../../../../../GitHub/HP35/Content/StarterContent/Shapes/Shape_Cone.uasset" 331
"../../../../../GitHub/HP35/Content/StarterContent/Shapes/Shape_Cylinder.uasset" 332
"../../../../../GitHub/HP35/Content/StarterContent/Shapes/Shape_NarrowCapsule.uasset" 333
"../../../../../GitHub/HP35/Content/StarterContent/Shapes/Shape_Pipe.uasset" 334
"../../../../../GitHub/HP35/Content/StarterContent/Shapes/Shape_Pipe_180.uasset" 335
"../../../../../GitHub/HP35/Content/StarterContent/Shapes/Shape_Pipe_90.uasset" 336
"../../../../../GitHub/HP35/Content/StarterContent/Shapes/Shape_Plane.uasset" 337
"../../../../../GitHub/HP35/Content/StarterContent/Shapes/Shape_Torus.uasset" 338
"../../../../../GitHub/HP35/Content/StarterContent/Shapes/Shape_Trim.uasset" 339
"../../../../../GitHub/HP35/Content/StarterContent/Shapes/Shape_Trim_90_In.uasset" 340
"../../../../../GitHub/HP35/Content/StarterContent/Shapes/Shape_Trim_90_Out.uasset" 341
"../../../../../GitHub/HP35/Content/StarterContent/Shapes/Shape_TriPyramid.uasset" 342
"../../../../../GitHub/HP35/Content/StarterContent/Shapes/Shape_Tube.uasset" 343
"../../../../../GitHub/HP35/Content/StarterContent/Shapes/Shape_Wedge_A.uasset" 344
"../../../../../GitHub/HP35/Content/StarterContent/Shapes/Shape_Wedge_B.uasset" 345
"../../../../../GitHub/HP35/Content/StarterContent/Shapes/Shape_WideCapsule.uasset" 346
"../../../Engine/Content/Animation/DefaultAnimCurveCompressionSettings.uasset" 347
"../../../Engine/Content/Functions/Engine_MaterialFunctions01/Opacity/CameraDepthFade.uasset" 348
"../../../Engine/Content/EngineMaterials/T_Default_Material_Grid_M.uasset" 349
"../../../Engine/Content/EngineMaterials/T_Default_Material_Grid_N.uasset" 350
"../../../Engine/Content/EngineMaterials/WorldGridMaterial.uasset" 351
"../../../Engine/Content/ArtTools/RenderToTexture/Meshes/S_1_Unit_Plane.uasset" 352
"../../../Engine/Content/EngineMaterials/DefaultMaterial.uasset" 353
"../../../Engine/Content/BasicShapes/Cone.uasset" 354
"../../../Engine/Content/BasicShapes/Cube.uasset" 355
"../../../Engine/Content/BasicShapes/Plane.uasset" 356
"../../../Engine/Content/BasicShapes/Sphere.uasset" 357
"../../../Engine/Content/EditorLandscapeResources/DataLayer.uasset" 358
"../../../Engine/Content/EditorMaterials/GizmoMaterial.uasset" 359
"../../../Engine/Content/EditorMaterials/MAT_Groups_Toggle.uasset" 360
"../../../Engine/Content/EditorMaterials/MAT_Groups_Visibility.uasset" 361
"../../../Engine/Content/EditorMaterials/PreviewShadowIndicator.uasset" 362
"../../../Engine/Content/EditorMaterials/PreviewShadowIndicatorMaterial.uasset" 363
"../../../Engine/Content/EditorMaterials/MatineeGroups/MAT_ColorTrack.uasset" 364
"../../../Engine/Content/EditorMaterials/MatineeGroups/MAT_Groups_Anim.uasset" 365
"../../../Engine/Content/EditorMaterials/MatineeGroups/MAT_Groups_AudioMaster.uasset" 366
"../../../Engine/Content/EditorMaterials/MatineeGroups/MAT_Groups_Director.uasset" 367
"../../../Engine/Content/EditorMaterials/MatineeGroups/MAT_Groups_Event.uasset" 368
"../../../Engine/Content/EditorMaterials/MatineeGroups/MAT_Groups_Fade.uasset" 369
"../../../Engine/Content/EditorMaterials/MatineeGroups/MAT_Groups_Float.uasset" 370
"../../../Engine/Content/EditorMaterials/MatineeGroups/MAT_Groups_Move.uasset" 371
"../../../Engine/Content/EditorMaterials/MatineeGroups/MAT_Groups_Slomo.uasset" 372
"../../../Engine/Content/EditorMaterials/MatineeGroups/MAT_Groups_Sound.uasset" 373
"../../../Engine/Content/EditorMaterials/MatineeGroups/MAT_Groups_Vector.uasset" 374
"../../../Engine/Content/EditorMaterials/ParticleSystems/PSysThumbnail_NoImage.uasset" 375
"../../../Engine/Content/EditorMaterials/ParticleSystems/PSysThumbnail_OOD.uasset" 376
"../../../Engine/Content/EditorMaterials/Camera/CineMat.uasset" 377
"../../../Engine/Content/EditorMaterials/Camera/MI_CineMat_Rig.uasset" 378
"../../../Engine/Content/EditorMeshes/Camera/SM_CraneRig_Arm.uasset" 379
"../../../Engine/Content/EditorMeshes/Camera/SM_CraneRig_Base.uasset" 380
"../../../Engine/Content/EditorMeshes/Camera/SM_CraneRig_Body.uasset" 381
"../../../Engine/Content/EditorMeshes/Camera/SM_CraneRig_Mount.uasset" 382
"../../../Engine/Content/EditorMeshes/Camera/SM_RailRig_Mount.uasset" 383
"../../../Engine/Content/EditorMeshes/Camera/SM_RailRig_Track.uasset" 384
"../../../Engine/Content/EditorResources/BSPVertex.uasset" 385
"../../../Engine/Content/EditorResources/EmptyActor.uasset" 386
"../../../Engine/Content/EditorResources/S_Actor.uasset" 387
"../../../Engine/Content/EditorResources/S_Note.uasset" 388
"../../../Engine/Content/EditorResources/S_Trigger.uasset" 389
"../../../Engine/Content/EditorResources/AudioIcons/S_AudioComponent.uasset" 390
"../../../Engine/Content/EditorResources/AudioIcons/S_AudioComponent_AutoActivate.uasset" 391
"../../../Engine/Content/EditorResources/LightIcons/S_LightError.uasset" 392
"../../../Engine/Content/EditorResources/SequenceRecorder/Countdown.uasset" 393
"../../../Engine/Content/EditorResources/SequenceRecorder/RecordingIndicator.uasset" 394
"../../../Engine/Content/EditorSounds/Notifications/CompileFailed.uasset" 395
"../../../Engine/Content/EditorSounds/Notifications/CompileFailed_Cue.uasset" 396
"../../../Engine/Content/EditorSounds/Notifications/CompileSuccess.uasset" 397
"../../../Engine/Content/EditorSounds/Notifications/CompileStart_Cue.uasset" 398
"../../../Engine/Content/EditorSounds/Notifications/CompileSuccess_Cue.uasset" 399
"../../../Engine/Content/EngineDamageTypes/DmgTypeBP_Environmental.uasset" 400
"../../../Engine/Content/EngineDebugMaterials/HeatmapGradient.uasset" 401
"../../../Engine/Content/EngineDebugMaterials/BoneWeightMaterial.uasset" 402
"../../../Engine/Content/EngineDebugMaterials/ClothMaterial.uasset" 403
"../../../Engine/Content/EngineDebugMaterials/ClothMaterial_WF.uasset" 404
"../../../Engine/Content/EngineDebugMaterials/DebugEditorMaterial.uasset" 405
"../../../Engine/Content/EngineDebugMaterials/DebugMeshMaterial.uasset" 406
"../../../Engine/Content/EngineDebugMaterials/GeomMaterial.uasset" 407
"../../../Engine/Content/EngineDebugMaterials/M_SimpleTranslucent.uasset" 408
"../../../Engine/Content/EngineFonts/Faces/RobotoBold.uasset" 409
"../../../Engine/Content/EngineFonts/Faces/RobotoBoldItalic.uasset" 410
"../../../Engine/Content/EngineFonts/Faces/RobotoItalic.uasset" 411
"../../../Engine/Content/EngineFonts/Faces/RobotoLight.uasset" 412
"../../../Engine/Content/EngineFonts/Faces/RobotoRegular.uasset" 413
"../../../Engine/Content/EngineFonts/Roboto.uasset" 414
"../../../Engine/Content/EngineFonts/Faces/RobotoTiny.uasset" 415
"../../../Engine/Content/EngineFonts/RobotoTiny.uasset" 416
"../../../Engine/Content/EngineMaterials/BaseFlattenDiffuseMap.uasset" 417
"../../../Engine/Content/EngineMaterials/BaseFlattenEmissiveMap.uasset" 418
"../../../Engine/Content/EngineMaterials/BaseFlattenGrayscaleMap.uasset" 419
"../../../Engine/Content/EngineMaterials/BaseFlattenNormalMap.uasset" 420
"../../../Engine/Content/EngineMaterials/BaseFlattenMaterial.uasset" 421
"../../../Engine/Content/EngineMaterials/DefaultBloomKernel.uasset" 422
"../../../Engine/Content/EngineMaterials/DefaultBokeh.uasset" 423
"../../../Engine/Content/EngineMaterials/DefaultDiffuse.uasset" 424
"../../../Engine/Content/EngineMaterials/DefaultDeferredDecalMaterial.uasset" 425
"../../../Engine/Content/EngineMaterials/DefaultLightFunctionMaterial.uasset" 426
"../../../Engine/Content/Functions/Engine_MaterialFunctions02/Utility/BreakOutFloat2Components.uasset" 427
"../../../Engine/Content/EngineMaterials/DefaultPostProcessMaterial.uasset" 428
"../../../Engine/Content/EngineFonts/RobotoDistanceField.uasset" 429
"../../../Engine/Content/EngineMaterials/DefaultTextMaterialOpaque.uasset" 430
"../../../Engine/Content/EngineMaterials/DefaultWhiteGrid.uasset" 431
"../../../Engine/Content/EngineMaterials/EditorBrushMaterial.uasset" 432
"../../../Engine/Content/EngineMaterials/Good64x64TilingNoiseHighFreq.uasset" 433
"../../../Engine/Content/EngineMaterials/MiniFont.uasset" 434
"../../../Engine/Content/EngineMaterials/InvalidLightmapSettings.uasset" 435
"../../../Engine/Content/EngineMaterials/M_InvalidLightmapSettings.uasset" 436
"../../../Engine/Content/Functions/Engine_MaterialFunctions02/WorldPositionOffset/CameraOffset.uasset" 437
"../../../Engine/Content/EngineMaterials/PhAT_JointLimitMaterial.uasset" 438
"../../../Engine/Content/EngineMaterials/PreintegratedSkinBRDF.uasset" 439
"../../../Engine/Content/EngineMaterials/RemoveSurfaceMaterial.uasset" 440
"../../../Engine/Content/EngineMaterials/WeightMapPlaceholderTexture.uasset" 441
"../../../Engine/Content/EngineResources/WhiteSquareTexture.uasset" 442
"../../../Engine/Content/EngineMaterials/Widget3DPassThrough.uasset" 443
"../../../Engine/Content/EngineMaterials/Widget3DPassThrough_Masked.uasset" 444
"../../../Engine/Content/EngineMaterials/Widget3DPassThrough_Opaque.uasset" 445
"../../../Engine/Content/EngineMaterials/Widget3DPassThrough_Masked_OneSided.uasset" 446
"../../../Engine/Content/EngineMaterials/Widget3DPassThrough_Opaque_OneSided.uasset" 447
"../../../Engine/Content/EngineMaterials/Widget3DPassThrough_Translucent.uasset" 448
"../../../Engine/Content/EngineMaterials/Widget3DPassThrough_Translucent_OneSided.uasset" 449
"../../../Engine/Content/EngineMeshes/Cylinder.uasset" 450
"../../../Engine/Content/EngineMeshes/Sphere.uasset" 451
"../../../Engine/Content/EngineResources/Black.uasset" 452
"../../../Engine/Content/EngineResources/DefaultTexture.uasset" 453
"../../../Engine/Content/EngineResources/DefaultTextureCube.uasset" 454
"../../../Engine/Content/EngineResources/DefaultVolumeTexture2D.uasset" 455
"../../../Engine/Content/EngineResources/DefaultVolumeTexture.uasset" 456
"../../../Engine/Content/EngineResources/GradientTexture0.uasset" 457
"../../../Engine/Content/EngineSounds/Master.uasset" 458
"../../../Engine/Content/Functions/Engine_MaterialFunctions01/Shading/ConvertFromDiffSpec.uasset" 459
"../../../Engine/Content/Functions/Engine_MaterialFunctions01/Shading/PowerToRoughness.uasset" 460
"../../../Engine/Content/Maps/Templates/Thumbnails/Default.uasset" 461
"../../../Engine/Content/Maps/Templates/Thumbnails/VR-Basic.uasset" 462
"../../../Engine/Content/MobileResources/T_MobileControls_texture.uasset" 463
"../../../Engine/Content/MobileResources/T_MobileMenu2.uasset" 464
"../../../Engine/Content/MobileResources/HUD/AnalogHat.uasset" 465
"../../../Engine/Content/MobileResources/HUD/VirtualJoystick_Background.uasset" 466
"../../../Engine/Content/MobileResources/HUD/VirtualJoystick_Thumb.uasset" 467
"../../../Engine/Content/MobileResources/HUD/DefaultVirtualJoysticks.uasset" 468
"../../../Engine/Content/MobileResources/HUD/LeftVirtualJoystickOnly.uasset" 469
"../../../Engine/Content/MobileResources/HUD/MobileHUDButton1_off.uasset" 470
"../../../Engine/Content/MobileResources/HUD/MobileHUDButton1_on.uasset" 471
"../../../Engine/Content/MobileResources/HUD/MobileHUDButton2_off.uasset" 472
"../../../Engine/Content/MobileResources/HUD/MobileHUDButton2_on.uasset" 473
"../../../Engine/Content/MobileResources/HUD/MobileHUDButton3.uasset" 474
"../../../Engine/Content/MobileResources/HUD/MobileHUDButtonFire.uasset" 475
"../../../Engine/Content/MobileResources/HUD/MobileHUDDirectionPad.uasset" 476
"../../../Engine/Content/MobileResources/HUD/MobileHUDDirectionPad2.uasset" 477
"../../../Engine/Content/MobileResources/HUD/MobileHUDDirectionPad3.uasset" 478
"../../../Engine/Content/MobileResources/HUD/MobileHUDDirectionStick.uasset" 479
"../../../Engine/Content/MobileResources/HUD/T_Castle_ThumbstickInner.uasset" 480
"../../../Engine/Content/MobileResources/HUD/T_Castle_ThumbstickOutter.uasset" 481
"../../../Engine/Content/Tutorial/ContentIntroCurve.uasset" 482
"../../../Engine/Content/Tutorial/Basics/LevelEditorAttract.uasset" 483
"../../../Engine/Content/Tutorial/Basics/TutorialAssets/icon_tab_Levels_40x.uasset" 484
"../../../Engine/Content/Tutorial/Basics/LevelEditorOverview.uasset" 485
"../../../Engine/Content/VREditor/LaserPointer/VR_LaserPower_01.uasset" 486
"../../../Engine/Content/VREditor/TransformGizmo/TransformGizmoMaterial.uasset" 487
"../../../Engine/Content/VREditor/TransformGizmo/TranslucentTransformGizmoMaterial.uasset" 488
"../../../Engine/Content/VREditor/TransformGizmo/BoundingBoxCorner.uasset" 489
"../../../Engine/Content/VREditor/TransformGizmo/BoundingBoxEdge.uasset" 490
"../../../Engine/Content/VREditor/TransformGizmo/PlaneTranslationHandle.uasset" 491
"../../../Engine/Content/VREditor/TransformGizmo/Main.uasset" 492
"../../../Engine/Content/VREditor/TransformGizmo/Xray.uasset" 493
"../../../Engine/Content/VREditor/TransformGizmo/SM_Sequencer_Key.uasset" 494
"../../../Engine/Content/VREditor/TransformGizmo/SM_Sequencer_Node.uasset" 495
"../../Plugins/2D/Paper2D/Content/PlaceholderTextures/DummySpriteTexture.uasset" 496
"../../Plugins/2D/Paper2D/Content/DummySprite.uasset" 497
"../../Plugins/2D/Paper2D/Content/DefaultPaperTerrainMaterial.uasset" 498
"../../Plugins/2D/Paper2D/Content/DummySpriteTexture.uasset" 499
"../../Plugins/2D/Paper2D/Content/DefaultSpriteMaterial.uasset" 500
"../../Plugins/2D/Paper2D/Content/MaskedUnlitSpriteMaterial.uasset" 501
"../../Plugins/2D/Paper2D/Content/OpaqueUnlitSpriteMaterial.uasset" 502
"../../Plugins/Runtime/Oculus/OculusVR/Content/OculusMR_RenderTarget.uasset" 503
"../../../Engine/Content/Functions/Engine_MaterialFunctions02/Utility/BreakOutFloat4Components.uasset" 504
"../../../Engine/Content/Functions/Engine_MaterialFunctions02/Utility/MakeFloat2.uasset" 505
"../../../Engine/Content/Functions/Engine_MaterialFunctions02/Utility/MakeFloat3.uasset" 506
"../../Plugins/Runtime/Oculus/OculusVR/Content/Materials/OculusMR_ChromaKey.uasset" 507
"../../Plugins/Runtime/Oculus/OculusVR/Content/Materials/OculusMR_ChromaKey_Lit.uasset" 508
"../../Plugins/Runtime/Oculus/OculusVR/Content/Materials/OculusMR_OpaqueColoredMaterial.uasset" 509
"../../Plugins/Runtime/Oculus/OculusVR/Content/Materials/OculusMR_WhiteMaterial.uasset" 510
"../../Plugins/Runtime/Oculus/OculusVR/Content/Materials/PokeAHoleMaterial.uasset" 511
"../../Plugins/Runtime/Oculus/OculusVR/Content/Textures/GearVRController_AO.uasset" 512
"../../Plugins/Runtime/Oculus/OculusVR/Content/Textures/GearVRController_Color.uasset" 513
"../../Plugins/Runtime/Oculus/OculusVR/Content/Textures/GearVRController_Normal.uasset" 514
"../../Plugins/Runtime/Oculus/OculusVR/Content/Materials/GearVRControllerMaterial.uasset" 515
"../../Plugins/Runtime/Oculus/OculusVR/Content/Meshes/GearVrController.uasset" 516
"../../Plugins/Runtime/Oculus/OculusVR/Content/Textures/touchController_albedo.uasset" 517
"../../Plugins/Runtime/Oculus/OculusVR/Content/Textures/touchController_controlmap.uasset" 518
"../../Plugins/Runtime/Oculus/OculusVR/Content/Materials/touchController_mat.uasset" 519
"../../Plugins/Runtime/Oculus/OculusVR/Content/Meshes/LeftTouchController.uasset" 520
"../../Plugins/Runtime/Oculus/OculusVR/Content/Meshes/RiftHMD.uasset" 521
"../../Plugins/Runtime/Oculus/OculusVR/Content/Meshes/RightTouchController.uasset" 522
"../../../../../GitHub/HP35/Content/Maps/MainMenu.umap" 523
"../../../../../GitHub/HP35/Content/AdvancedLocomotionV3/Maps/Materials/CollectionParameters/M_Floor_Params.uasset" 524
"../../../../../GitHub/HP35/Content/AdvancedLocomotionV3/Maps/Materials/CollectionParameters/M_Landscape_Params.uasset" 525
"../../../../../GitHub/HP35/Content/AdvancedLocomotionV3/Maps/Materials/CollectionParameters/M_Platform_Params.uasset" 526
"../../../../../GitHub/HP35/Content/AdvancedLocomotionV3/Maps/Materials/CollectionParameters/M_Stairs_Params.uasset" 527
"../../../../../GitHub/HP35/Content/AdvancedLocomotionV3/Maps/Materials/CollectionParameters/M_Walls_Params.uasset" 528
"../../../../../GitHub/HP35/Content/AdvancedLocomotionV3/Maps/ALS_LevelColorManager.uasset" 529
"../../../Engine/Content/EditorBlueprintResources/ActorMacros.uasset" 530
"../../../Engine/Content/EngineSky/C_Sky_Cloud_Color.uasset" 531
"../../../Engine/Content/EngineSky/C_Sky_Horizon_Color.uasset" 532
"../../../Engine/Content/EngineSky/C_Sky_Zenith_Color.uasset" 533
"../../../Engine/Content/EngineSky/T_Sky_Blue.uasset" 534
"../../../Engine/Content/EngineSky/T_Sky_Clouds_M.uasset" 535
"../../../Engine/Content/EngineSky/T_Sky_Stars.uasset" 536
"../../../Engine/Content/EngineSky/M_Sky_Panning_Clouds2.uasset" 537
"../../../Engine/Content/EngineSky/SM_SkySphere.uasset" 538
"../../../Engine/Content/EngineSky/BP_Sky_Sphere.uasset" 539
"../../../../../GitHub/HP35/Content/UI/TeamSelector.uasset" 540
"../../../../../GitHub/HP35/Content/GameModes/MainPlayerController.uasset" 541
"../../../../../GitHub/HP35/Content/AdvancedLocomotionV3/Maps/ALS_GameMode_MP.uasset" 542
"../../../../../GitHub/HP35/Content/AdvancedLocomotionV3/Misc/RobotoDistanceField_Outlines.uasset" 543
"../../../../../GitHub/HP35/Content/AdvancedLocomotionV3/Maps/ALSV3_DemoLevel_MP_BuiltData.uasset" 544
"../../../../../GitHub/HP35/Content/AdvancedLocomotionV3/Maps/Materials/Textures/T_Tiles_M.uasset" 545
"../../../../../GitHub/HP35/Content/AdvancedLocomotionV3/Maps/Materials/Textures/T_Tiles_N.uasset" 546
"../../../../../GitHub/HP35/Content/AdvancedLocomotionV3/Maps/Materials/M_Landscape.uasset" 547
"../../../../../GitHub/HP35/Content/AdvancedLocomotionV3/Misc/M_OutlinedText.uasset" 548
"../../../Engine/Content/EngineMaterials/DefaultPhysicalMaterial.uasset" 549
"../../../../../GitHub/HP35/Content/AdvancedLocomotionV3/Audio/Background/Starter_Birds01.uasset" 550
"../../../../../GitHub/HP35/Content/AdvancedLocomotionV3/Audio/Background/Starter_Wind05.uasset" 551
"../../../../../GitHub/HP35/Content/AdvancedLocomotionV3/Audio/Background/Starter_Wind06.uasset" 552
"../../../../../GitHub/HP35/Content/AdvancedLocomotionV3/Audio/Background/Starter_Background_Cue.uasset" 553
"../../../../../GitHub/HP35/Content/AdvancedLocomotionV3/Maps/Materials/M_Platforms.uasset" 554
"../../../../../GitHub/HP35/Content/AdvancedLocomotionV3/Maps/Meshes/Box.uasset" 555
"../../../../../GitHub/HP35/Content/AdvancedLocomotionV3/Maps/Materials/M_Floor.uasset" 556
"../../../../../GitHub/HP35/Content/AdvancedLocomotionV3/Maps/Meshes/Floor.uasset" 557
"../../../../../GitHub/HP35/Content/AdvancedLocomotionV3/Maps/Meshes/InfoWall.uasset" 558
"../../../../../GitHub/HP35/Content/AdvancedLocomotionV3/Maps/Meshes/Platform.uasset" 559
"../../../../../GitHub/HP35/Content/AdvancedLocomotionV3/Maps/Materials/M_Stairs.uasset" 560
"../../../../../GitHub/HP35/Content/AdvancedLocomotionV3/Maps/Meshes/Stairs.uasset" 561
"../../../../../GitHub/HP35/Content/AdvancedLocomotionV3/Maps/Meshes/TitleBoard.uasset" 562
"../../../../../GitHub/HP35/Content/AdvancedLocomotionV3/Maps/Materials/M_Walls.uasset" 563
"../../../../../GitHub/HP35/Content/AdvancedLocomotionV3/Maps/Meshes/Walls.uasset" 564
"../../../../../GitHub/HP35/Content/AdvancedLocomotionV3/Maps/ALSV3_DemoLevel_MP.umap" 565
"../../../../../GitHub/HP35/Content/AdvancedLocomotionV3/Maps/ALS_GameMode_SP.uasset" 566
"../../../../../GitHub/HP35/Content/AdvancedLocomotionV3/Maps/ALSV3_DemoLevel_SP_BuiltData.uasset" 567
"../../../Engine/Content/BasicShapes/BasicShapeMaterial.uasset" 568
"../../../../../GitHub/HP35/Content/AdvancedLocomotionV3/Characters/Mannequin/Materials/M_UE4Man_Body_Red.uasset" 569
"../../../../../GitHub/HP35/Content/AdvancedLocomotionV3/Characters/Mannequin/Materials/M_UE4Man_ChestLogo_Red.uasset" 570
"../../../Engine/Content/BasicShapes/Cylinder.uasset" 571
"../../../../../GitHub/HP35/Content/AdvancedLocomotionV3/Maps/Meshes/BotStand.uasset" 572
"../../../../../GitHub/HP35/Content/AdvancedLocomotionV3/Maps/ALSV3_DemoLevel_SP.umap" 573
"../../../../../GitHub/HP35/Content/AdvancedLocomotionV3/Maps/ALSV3_EmptyLevel_BuiltData.uasset" 574
"../../../../../GitHub/HP35/Content/AdvancedLocomotionV3/Maps/ALSV3_EmptyLevel.umap" 575
"../../../../../GitHub/HP35/Content/StarterContent/Blueprints/Assets/FogBrightnessLUT.uasset" 576
"../../../../../GitHub/HP35/Content/StarterContent/Blueprints/Assets/SunlightColorLUT.uasset" 577
"../../../../../GitHub/HP35/Content/StarterContent/Blueprints/Assets/M_LightStage_Arrows.uasset" 578
"../../../Engine/Content/MapTemplates/Sky/DaylightAmbientCubemap.uasset" 579
"../../../../../GitHub/HP35/Content/StarterContent/Blueprints/Assets/M_LightStage_Skybox_Master.uasset" 580
"../../../../../GitHub/HP35/Content/StarterContent/Blueprints/Assets/M_LightStage_Skybox_Black.uasset" 581
"../../../../../GitHub/HP35/Content/StarterContent/Blueprints/Assets/M_LightStage_Skybox_HDRI.uasset" 582
"../../../Engine/Content/EditorMaterials/Thumbnails/SkySphereMaterial.uasset" 583
"../../../../../GitHub/HP35/Content/StarterContent/Blueprints/Assets/Skybox.uasset" 584
"../../../../../GitHub/HP35/Content/StarterContent/Blueprints/Assets/SM_Arrows.uasset" 585
"../../../../../GitHub/HP35/Content/StarterContent/HDRI/HDRI_Epic_Courtyard_Daylight.uasset" 586
"../../../../../GitHub/HP35/Content/StarterContent/Blueprints/BP_LightStudio.uasset" 587
"../../../../../GitHub/HP35/Content/StarterContent/Maps/Advanced_Lighting_BuiltData.uasset" 588
"../../../../../GitHub/HP35/Content/StarterContent/Materials/M_AssetPlatform.uasset" 589
"../../../Engine/Content/EditorMeshes/ColorCalibrator/M_ChromeBall.uasset" 590
"../../../Engine/Content/EditorMeshes/ColorCalibrator/M_ClearCoat.uasset" 591
"../../../Engine/Content/EditorMeshes/ColorCalibrator/M_ClearCoatBlack.uasset" 592
"../../../Engine/Content/EditorMeshes/ColorCalibrator/Color_checker.uasset" 593
"../../../Engine/Content/EditorMeshes/ColorCalibrator/M_ColorGrid.uasset" 594
"../../../Engine/Content/EditorMeshes/ColorCalibrator/M_GreyBall.uasset" 595
"../../../Engine/Content/EditorMeshes/ColorCalibrator/SM_ColorCalibrator.uasset" 596
"../../../../../GitHub/HP35/Content/StarterContent/Architecture/SM_AssetPlatform.uasset" 597
"../../../../../GitHub/HP35/Content/StarterContent/Maps/Advanced_Lighting.umap" 598
"../../../../../GitHub/HP35/Content/StarterContent/Maps/Minimal_Default_BuiltData.uasset" 599
"../../../../../GitHub/HP35/Content/StarterContent/Textures/T_MacroVariation.uasset" 600
"../../../../../GitHub/HP35/Content/StarterContent/Materials/M_Metal_Brushed_Nickel.uasset" 601
"../../../../../GitHub/HP35/Content/StarterContent/Textures/T_Metal_Aluminum_D.uasset" 602
"../../../../../GitHub/HP35/Content/StarterContent/Textures/T_Metal_Gold_N.uasset" 603
"../../../../../GitHub/HP35/Content/StarterContent/Materials/M_Metal_Burnished_Steel.uasset" 604
"../../../../../GitHub/HP35/Content/StarterContent/Textures/T_Metal_Copper_D.uasset" 605
"../../../../../GitHub/HP35/Content/StarterContent/Materials/M_Metal_Copper.uasset" 606
"../../../../../GitHub/HP35/Content/StarterContent/Textures/T_Statue_M.uasset" 607
"../../../../../GitHub/HP35/Content/StarterContent/Textures/T_Statue_N.uasset" 608
"../../../../../GitHub/HP35/Content/StarterContent/Props/Materials/M_StatueGlass.uasset" 609
"../../../../../GitHub/HP35/Content/StarterContent/Architecture/Floor_400x400.uasset" 610
"../../../../../GitHub/HP35/Content/StarterContent/Audio/Starter_Background_Cue.uasset" 611
"../../../../../GitHub/HP35/Content/StarterContent/Props/SM_Chair.uasset" 612
"../../../../../GitHub/HP35/Content/StarterContent/Props/Materials/M_Statue.uasset" 613
"../../../../../GitHub/HP35/Content/StarterContent/Props/SM_Statue.uasset" 614
"../../../../../GitHub/HP35/Content/StarterContent/Textures/T_TableRound_M.uasset" 615
"../../../../../GitHub/HP35/Content/StarterContent/Textures/T_TableRound_N.uasset" 616
"../../../../../GitHub/HP35/Content/StarterContent/Props/Materials/M_TableRound.uasset" 617
"../../../../../GitHub/HP35/Content/StarterContent/Props/SM_TableRound.uasset" 618
"../../../../../GitHub/HP35/Content/StarterContent/Maps/Minimal_Default.umap" 619
"../../../../../GitHub/HP35/Content/StarterContent/Audio/Fire01_Cue.uasset" 620
"../../../../../GitHub/HP35/Content/StarterContent/Textures/T_Fire_SubUV.uasset" 621
"../../../../../GitHub/HP35/Content/StarterContent/Textures/T_Fire_Tiled_D.uasset" 622
"../../../../../GitHub/HP35/Content/StarterContent/Particles/Materials/M_Fire_SubUV.uasset" 623
"../../../../../GitHub/HP35/Content/StarterContent/Textures/T_Water_N.uasset" 624
"../../../../../GitHub/HP35/Content/StarterContent/Particles/Materials/M_Heat_Distortion.uasset" 625
"../../../../../GitHub/HP35/Content/StarterContent/Particles/Materials/M_Radial_Gradient.uasset" 626
"../../../../../GitHub/HP35/Content/StarterContent/Particles/P_Fire.uasset" 627
"../../../../../GitHub/HP35/Content/StarterContent/Blueprints/Blueprint_Effect_Fire.uasset" 628
"../../../../../GitHub/HP35/Content/StarterContent/Audio/Smoke01_Cue.uasset" 629
"../../../../../GitHub/HP35/Content/StarterContent/Particles/P_Smoke.uasset" 630
"../../../../../GitHub/HP35/Content/StarterContent/Blueprints/Blueprint_Effect_Smoke.uasset" 631
"../../../../../GitHub/HP35/Content/StarterContent/Audio/Fire_Sparks01_Cue.uasset" 632
"../../../../../GitHub/HP35/Content/StarterContent/Textures/T_Spark_Core.uasset" 633
"../../../../../GitHub/HP35/Content/StarterContent/Particles/Materials/M_Spark.uasset" 634
"../../../../../GitHub/HP35/Content/StarterContent/Particles/P_Sparks.uasset" 635
"../../../../../GitHub/HP35/Content/StarterContent/Blueprints/Blueprint_Effect_Sparks.uasset" 636
"../../../../../GitHub/HP35/Content/StarterContent/Audio/Steam01_Cue.uasset" 637
"../../../../../GitHub/HP35/Content/StarterContent/Particles/P_Steam_Lit.uasset" 638
"../../../../../GitHub/HP35/Content/StarterContent/Blueprints/Blueprint_Effect_Steam.uasset" 639
"../../../../../GitHub/HP35/Content/StarterContent/Textures/T_Lamp_M.uasset" 640
"../../../../../GitHub/HP35/Content/StarterContent/Textures/T_Lamp_N.uasset" 641
"../../../../../GitHub/HP35/Content/StarterContent/Props/Materials/M_Lamp.uasset" 642
"../../../../../GitHub/HP35/Content/StarterContent/Props/SM_Lamp_Ceiling.uasset" 643
"../../../../../GitHub/HP35/Content/StarterContent/Blueprints/Blueprint_CeilingLight.uasset" 644
"../../../../../GitHub/HP35/Content/StarterContent/Props/SM_Lamp_Wall.uasset" 645
"../../../../../GitHub/HP35/Content/StarterContent/Blueprints/Blueprint_WallSconce.uasset" 646
"../../../../../GitHub/HP35/Content/StarterContent/Maps/StarterMap_BuiltData.uasset" 647
"../../../Engine/Content/Functions/Engine_MaterialFunctions03/Procedurals/ComputeFilterWidth.uasset" 648
"../../../Engine/Content/EngineMaterials/AntiAliasedTextMaterialTranslucent.uasset" 649
"../../../../../GitHub/HP35/Content/StarterContent/Textures/T_Brick_Clay_Beveled_D.uasset" 650
"../../../../../GitHub/HP35/Content/StarterContent/Textures/T_Brick_Clay_Beveled_M.uasset" 651
"../../../../../GitHub/HP35/Content/StarterContent/Textures/T_Brick_Clay_Beveled_N.uasset" 652
"../../../../../GitHub/HP35/Content/StarterContent/Materials/M_Brick_Clay_Beveled.uasset" 653
"../../../../../GitHub/HP35/Content/StarterContent/Textures/T_Brick_Clay_New_D.uasset" 654
"../../../../../GitHub/HP35/Content/StarterContent/Textures/T_Brick_Clay_New_M.uasset" 655
"../../../../../GitHub/HP35/Content/StarterContent/Textures/T_Brick_Clay_New_N.uasset" 656
"../../../../../GitHub/HP35/Content/StarterContent/Materials/M_Brick_Clay_New.uasset" 657
"../../../../../GitHub/HP35/Content/StarterContent/Textures/T_Brick_Clay_Old_D.uasset" 658
"../../../../../GitHub/HP35/Content/StarterContent/Textures/T_Brick_Clay_Old_N.uasset" 659
"../../../../../GitHub/HP35/Content/StarterContent/Textures/T_Perlin_Noise_M.uasset" 660
"../../../../../GitHub/HP35/Content/StarterContent/Materials/M_Brick_Clay_Old.uasset" 661
"../../../../../GitHub/HP35/Content/StarterContent/Textures/T_Brick_Cut_Stone_D.uasset" 662
"../../../../../GitHub/HP35/Content/StarterContent/Textures/T_Brick_Cut_Stone_N.uasset" 663
"../../../../../GitHub/HP35/Content/StarterContent/Materials/M_Brick_Cut_Stone.uasset" 664
"../../../../../GitHub/HP35/Content/StarterContent/Textures/T_Brick_Hewn_Stone_D.uasset" 665
"../../../../../GitHub/HP35/Content/StarterContent/Textures/T_Brick_Hewn_Stone_M.uasset" 666
"../../../../../GitHub/HP35/Content/StarterContent/Textures/T_Brick_Hewn_Stone_N.uasset" 667
"../../../../../GitHub/HP35/Content/StarterContent/Materials/M_Brick_Hewn_Stone.uasset" 668
"../../../../../GitHub/HP35/Content/StarterContent/Textures/T_Ceramic_Tile_M.uasset" 669
"../../../../../GitHub/HP35/Content/StarterContent/Textures/T_Ceramic_Tile_N.uasset" 670
"../../../../../GitHub/HP35/Content/StarterContent/Textures/T_Rock_Marble_Polished_D.uasset" 671
"../../../../../GitHub/HP35/Content/StarterContent/Materials/M_Ceramic_Tile_Checker.uasset" 672
"../../../../../GitHub/HP35/Content/StarterContent/Textures/T_CobbleStone_Pebble_D.uasset" 673
"../../../../../GitHub/HP35/Content/StarterContent/Textures/T_CobbleStone_Pebble_M.uasset" 674
"../../../../../GitHub/HP35/Content/StarterContent/Textures/T_CobbleStone_Pebble_N.uasset" 675
"../../../../../GitHub/HP35/Content/StarterContent/Materials/M_CobbleStone_Pebble.uasset" 676
"../../../../../GitHub/HP35/Content/StarterContent/Textures/T_CobbleStone_Rough_D.uasset" 677
"../../../../../GitHub/HP35/Content/StarterContent/Textures/T_CobbleStone_Rough_N.uasset" 678
"../../../../../GitHub/HP35/Content/StarterContent/Textures/T_Gradinet_01.uasset" 679
"../../../../../GitHub/HP35/Content/StarterContent/Textures/T_Rock_Smooth_Granite_D.uasset" 680
"../../../../../GitHub/HP35/Content/StarterContent/Materials/M_CobbleStone_Rough.uasset" 681
"../../../../../GitHub/HP35/Content/StarterContent/Textures/T_CobbleStone_Smooth_D.uasset" 682
"../../../../../GitHub/HP35/Content/StarterContent/Textures/T_CobbleStone_Smooth_M.uasset" 683
"../../../../../GitHub/HP35/Content/StarterContent/Textures/T_CobbleStone_Smooth_N.uasset" 684
"../../../../../GitHub/HP35/Content/StarterContent/Materials/M_CobbleStone_Smooth.uasset" 685
"../../../../../GitHub/HP35/Content/StarterContent/Textures/T_Concrete_Grime_D.uasset" 686
"../../../../../GitHub/HP35/Content/StarterContent/Textures/T_Metal_Rust_N.uasset" 687
"../../../../../GitHub/HP35/Content/StarterContent/Materials/M_Concrete_Grime.uasset" 688
"../../../../../GitHub/HP35/Content/StarterContent/Textures/T_Concrete_Panels_D.uasset" 689
"../../../../../GitHub/HP35/Content/StarterContent/Textures/T_Concrete_Panels_N.uasset" 690
"../../../../../GitHub/HP35/Content/StarterContent/Materials/M_Concrete_Panels.uasset" 691
"../../../../../GitHub/HP35/Content/StarterContent/Textures/T_Concrete_Poured_D.uasset" 692
"../../../../../GitHub/HP35/Content/StarterContent/Textures/T_Concrete_Poured_N.uasset" 693
"../../../../../GitHub/HP35/Content/StarterContent/Materials/M_Concrete_Poured.uasset" 694
"../../../../../GitHub/HP35/Content/StarterContent/Textures/T_Concrete_Tiles_D.uasset" 695
"../../../../../GitHub/HP35/Content/StarterContent/Textures/T_Concrete_Tiles_M.uasset" 696
"../../../../../GitHub/HP35/Content/StarterContent/Textures/T_Concrete_Tiles_N.uasset" 697
"../../../../../GitHub/HP35/Content/StarterContent/Textures/T_Concrete_Tiles_Variation_M.uasset" 698
"../../../../../GitHub/HP35/Content/StarterContent/Materials/M_Concrete_Tiles.uasset" 699
"../../../../../GitHub/HP35/Content/StarterContent/Textures/T_Ground_Grass_D.uasset" 700
"../../../../../GitHub/HP35/Content/StarterContent/Textures/T_Ground_Grass_N.uasset" 701
"../../../../../GitHub/HP35/Content/StarterContent/Materials/M_Ground_Grass.uasset" 702
"../../../../../GitHub/HP35/Content/StarterContent/Textures/T_Ground_Gravel_D.uasset" 703
"../../../../../GitHub/HP35/Content/StarterContent/Textures/T_Ground_Gravel_N.uasset" 704
"../../../../../GitHub/HP35/Content/StarterContent/Materials/M_Ground_Gravel.uasset" 705
"../../../../../GitHub/HP35/Content/StarterContent/Textures/T_ground_Moss_D.uasset" 706
"../../../../../GitHub/HP35/Content/StarterContent/Textures/T_Ground_Moss_N.uasset" 707
"../../../../../GitHub/HP35/Content/StarterContent/Materials/M_Ground_Moss.uasset" 708
"../../../../../GitHub/HP35/Content/StarterContent/Materials/M_Metal_Chrome.uasset" 709
"../../../../../GitHub/HP35/Content/StarterContent/Textures/T_Metal_Gold_D.uasset" 710
"../../../../../GitHub/HP35/Content/StarterContent/Materials/M_Metal_Gold.uasset" 711
"../../../../../GitHub/HP35/Content/StarterContent/Textures/T_Metal_Rust_D.uasset" 712
"../../../../../GitHub/HP35/Content/StarterContent/Materials/M_Metal_Rust.uasset" 713
"../../../../../GitHub/HP35/Content/StarterContent/Textures/T_Metal_Steel_D.uasset" 714
"../../../../../GitHub/HP35/Content/StarterContent/Textures/T_Metal_Steel_N.uasset" 715
"../../../../../GitHub/HP35/Content/StarterContent/Materials/M_Metal_Steel.uasset" 716
"../../../../../GitHub/HP35/Content/StarterContent/Textures/T_Rock_Basalt_N.uasset" 717
"../../../../../GitHub/HP35/Content/StarterContent/Materials/M_Rock_Basalt.uasset" 718
"../../../../../GitHub/HP35/Content/StarterContent/Materials/M_Rock_Marble_Polished.uasset" 719
"../../../../../GitHub/HP35/Content/StarterContent/Textures/T_Rock_Sandstone_D.uasset" 720
"../../../../../GitHub/HP35/Content/StarterContent/Textures/T_Rock_Sandstone_N.uasset" 721
"../../../../../GitHub/HP35/Content/StarterContent/Materials/M_Rock_Sandstone.uasset" 722
"../../../../../GitHub/HP35/Content/StarterContent/Textures/T_Rock_Slate_D.uasset" 723
"../../../../../GitHub/HP35/Content/StarterContent/Textures/T_Rock_Slate_N.uasset" 724
"../../../../../GitHub/HP35/Content/StarterContent/Materials/M_Rock_Slate.uasset" 725
"../../../../../GitHub/HP35/Content/StarterContent/Textures/T_Checker_Noise_M.uasset" 726
"../../../../../GitHub/HP35/Content/StarterContent/Textures/T_Single_Tile_N.uasset" 727
"../../../../../GitHub/HP35/Content/StarterContent/Textures/T_Tech_Dot_M.uasset" 728
"../../../../../GitHub/HP35/Content/StarterContent/Textures/T_Tech_Dot_N.uasset" 729
"../../../../../GitHub/HP35/Content/StarterContent/Materials/M_Tech_Checker_Dot.uasset" 730
"../../../../../GitHub/HP35/Content/StarterContent/Textures/T_Tech_Hex_Tile_M.uasset" 731
"../../../../../GitHub/HP35/Content/StarterContent/Textures/T_Tech_Hex_Tile_N.uasset" 732
"../../../../../GitHub/HP35/Content/StarterContent/Materials/M_Tech_Hex_Tile.uasset" 733
"../../../../../GitHub/HP35/Content/StarterContent/Materials/M_Tech_Hex_Tile_Pulse.uasset" 734
"../../../../../GitHub/HP35/Content/StarterContent/Textures/T_Tech_Panel_M.uasset" 735
"../../../../../GitHub/HP35/Content/StarterContent/Textures/T_Tech_Panel_N.uasset" 736
"../../../../../GitHub/HP35/Content/StarterContent/Materials/M_Tech_Panel.uasset" 737
"../../../../../GitHub/HP35/Content/StarterContent/Materials/M_Water_Lake.uasset" 738
"../../../../../GitHub/HP35/Content/StarterContent/Textures/T_Water_M.uasset" 739
"../../../../../GitHub/HP35/Content/StarterContent/Materials/M_Water_Ocean.uasset" 740
"../../../../../GitHub/HP35/Content/StarterContent/Textures/T_Wood_Floor_Walnut_D.uasset" 741
"../../../../../GitHub/HP35/Content/StarterContent/Textures/T_Wood_Floor_Walnut_M.uasset" 742
"../../../../../GitHub/HP35/Content/StarterContent/Textures/T_Wood_Floor_Walnut_N.uasset" 743
"../../../../../GitHub/HP35/Content/StarterContent/Materials/M_Wood_Floor_Walnut_Polished.uasset" 744
"../../../Engine/Content/Functions/Engine_MaterialFunctions01/Opacity/AlphaOffset.uasset" 745
"../../../../../GitHub/HP35/Content/StarterContent/Materials/M_Wood_Floor_Walnut_Worn.uasset" 746
"../../../../../GitHub/HP35/Content/StarterContent/Textures/T_Wood_Oak_D.uasset" 747
"../../../../../GitHub/HP35/Content/StarterContent/Textures/T_Wood_Oak_N.uasset" 748
"../../../../../GitHub/HP35/Content/StarterContent/Materials/M_Wood_Oak.uasset" 749
"../../../../../GitHub/HP35/Content/StarterContent/Textures/T_Wood_Pine_D.uasset" 750
"../../../../../GitHub/HP35/Content/StarterContent/Textures/T_Wood_Pine_N.uasset" 751
"../../../../../GitHub/HP35/Content/StarterContent/Materials/M_Wood_Pine.uasset" 752
"../../../../../GitHub/HP35/Content/StarterContent/Textures/T_Wood_Walnut_D.uasset" 753
"../../../../../GitHub/HP35/Content/StarterContent/Textures/T_Wood_Walnut_N.uasset" 754
"../../../../../GitHub/HP35/Content/StarterContent/Materials/M_Wood_Walnut.uasset" 755
"../../../../../GitHub/HP35/Content/StarterContent/Architecture/Wall_400x200.uasset" 756
"../../../../../GitHub/HP35/Content/StarterContent/Architecture/Wall_Door_400x300.uasset" 757
"../../../../../GitHub/HP35/Content/StarterContent/Architecture/Wall_Window_400x300.uasset" 758
"../../../../../GitHub/HP35/Content/StarterContent/Audio/Collapse_Cue.uasset" 759
"../../../../../GitHub/HP35/Content/StarterContent/Audio/Starter_Music_Cue.uasset" 760
"../../../../../GitHub/HP35/Content/StarterContent/Textures/T_Dust_Particle_D.uasset" 761
"../../../../../GitHub/HP35/Content/StarterContent/Particles/Materials/M_Dust_Particle.uasset" 762
"../../../../../GitHub/HP35/Content/StarterContent/Particles/P_Ambient_Dust.uasset" 763
"../../../../../GitHub/HP35/Content/StarterContent/Props/MaterialSphere.uasset" 764
"../../../../../GitHub/HP35/Content/StarterContent/Textures/T_Frame_M.uasset" 765
"../../../../../GitHub/HP35/Content/StarterContent/Textures/T_Frame_N.uasset" 766
"../../../../../GitHub/HP35/Content/StarterContent/Props/Materials/M_Frame.uasset" 767
"../../../../../GitHub/HP35/Content/StarterContent/Props/SM_CornerFrame.uasset" 768
"../../../../../GitHub/HP35/Content/StarterContent/Props/SM_DoorFrame.uasset" 769
"../../../../../GitHub/HP35/Content/StarterContent/Props/SM_GlassWindow.uasset" 770
"../../../../../GitHub/HP35/Content/StarterContent/Props/SM_PillarFrame.uasset" 771
"../../../../../GitHub/HP35/Content/StarterContent/Props/SM_PillarFrame300.uasset" 772
"../../../../../GitHub/HP35/Content/StarterContent/Props/SM_WindowFrame.uasset" 773
"../../../../../GitHub/HP35/Content/StarterContent/Shapes/Shape_Cube.uasset" 774
"../../../../../GitHub/HP35/Content/StarterContent/Shapes/Shape_QuadPyramid.uasset" 775
"../../../../../GitHub/HP35/Content/StarterContent/Shapes/Shape_Sphere.uasset" 776
"../../../../../GitHub/HP35/Content/StarterContent/Maps/StarterMap.umap" 777
"../../../Engine/Content/Maps/Entry_BuiltData.uasset" 778
"../../../Engine/Content/Maps/Entry.umap" 779
